<?xml version="1.0" encoding="UTF-8"?>
<!-- Generated by org.testng.reporters.JUnitReportReporter -->
<testsuite hostname="Raz_Vardi" failures="0" tests="1" name="tests.DeleteMyTrip" time="11.673" errors="0" timestamp="2022-06-20T17:06:15 IDT" skipped="0">
  <testcase classname="tests.DeleteMyTrip" name="deleteMyTrip" time="11.673"/>
  <system-out/>
</testsuite> <!-- tests.DeleteMyTrip -->
