<?xml version="1.0" encoding="UTF-8"?>
<!-- Generated by org.testng.reporters.JUnitReportReporter -->
<testsuite hostname="Raz_Vardi" failures="0" tests="1" name="tests.SimpleTest" time="8.132" errors="0" timestamp="2022-06-13T12:47:18 IDT" skipped="0">
  <testcase classname="tests.SimpleTest" name="tc01_simpleTest" time="8.132"/>
  <system-out/>
</testsuite> <!-- tests.SimpleTest -->
