<?xml version="1.0" encoding="UTF-8"?>
<!-- Generated by org.testng.reporters.JUnitReportReporter -->
<testsuite hostname="Raz_Vardi" failures="0" tests="3" name="tests.ChangeCurrencyTest" time="22.489" errors="0" timestamp="2022-06-20T16:06:03 IDT" skipped="0">
  <testcase classname="tests.ChangeCurrencyTest" name="changeCurrencyToShekelTest" time="8.724"/>
  <system-out/>
  <testcase classname="tests.ChangeCurrencyTest" name="changeCurrencyToEuroTest" time="6.842"/>
  <system-out/>
  <testcase classname="tests.ChangeCurrencyTest" name="changeCurrencyToDollarTest" time="6.923"/>
  <system-out/>
</testsuite> <!-- tests.ChangeCurrencyTest -->
