<?xml version="1.0" encoding="UTF-8"?>
<!-- Generated by org.testng.reporters.JUnitReportReporter -->
<testsuite hostname="Raz_Vardi" failures="0" tests="1" name="tests.CreateNewFlexibleBusinessTrip" time="44.400" errors="0" timestamp="2022-06-20T16:06:03 IDT" skipped="0">
  <testcase classname="tests.CreateNewFlexibleBusinessTrip" name="createNewFlexibleBusinessTrip" time="44.400"/>
  <system-out/>
</testsuite> <!-- tests.CreateNewFlexibleBusinessTrip -->
