<?xml version="1.0" encoding="UTF-8"?>
<!-- Generated by org.testng.reporters.JUnitReportReporter -->
<testsuite hostname="Raz_Vardi" failures="0" tests="1" name="tests.LogOutTest" time="9.618" errors="0" timestamp="2022-06-13T21:28:22 IDT" skipped="0">
  <testcase classname="tests.LogOutTest" name="logOutTest" time="9.618"/>
  <system-out/>
</testsuite> <!-- tests.LogOutTest -->
