<?xml version="1.0" encoding="UTF-8"?>
<!-- Generated by org.testng.reporters.JUnitReportReporter -->
<testsuite hostname="Raz_Vardi" failures="0" tests="1" name="tests.CreateNewFlexibleTripByBarMitzvahCategory" time="29.819" errors="0" timestamp="2022-06-13T21:28:22 IDT" skipped="0">
  <testcase classname="tests.CreateNewFlexibleTripByBarMitzvahCategory" name="createNewFlexibleTripByBarMitzvahCategory" time="29.819"/>
  <system-out/>
</testsuite> <!-- tests.CreateNewFlexibleTripByBarMitzvahCategory -->
