<?xml version="1.0" encoding="UTF-8"?>
<!-- Generated by org.testng.reporters.JUnitReportReporter -->
<testsuite hostname="Raz_Vardi" failures="0" tests="1" name="tests.CreateNewFlexibleTripByBasketballCategory" time="38.069" errors="0" timestamp="2022-06-13T16:45:00 IDT" skipped="0">
  <testcase classname="tests.CreateNewFlexibleTripByBasketballCategory" name="createNewFlexibleTripByBasketballCategory" time="38.069"/>
  <system-out/>
</testsuite> <!-- tests.CreateNewFlexibleTripByBasketballCategory -->
