<?xml version="1.0" encoding="UTF-8"?>
<!-- Generated by org.testng.reporters.JUnitReportReporter -->
<testsuite hostname="Raz_Vardi" failures="0" tests="3" name="tests.ChangeCurrencyTest" time="22.200" errors="0" timestamp="2022-06-13T16:45:00 IDT" skipped="0">
  <testcase classname="tests.ChangeCurrencyTest" name="changeCurrencyToEuroTest" time="6.676"/>
  <system-out/>
  <testcase classname="tests.ChangeCurrencyTest" name="changeCurrencyToShekelTest" time="8.736"/>
  <system-out/>
  <testcase classname="tests.ChangeCurrencyTest" name="changeCurrencyToDollarTest" time="6.788"/>
  <system-out/>
</testsuite> <!-- tests.ChangeCurrencyTest -->
