<?xml version="1.0" encoding="UTF-8"?>
<!-- Generated by org.testng.reporters.JUnitReportReporter -->
<testsuite hostname="Raz_Vardi" failures="0" tests="1" name="tests.CreateNewFlexibleTripByFootballCategory" time="38.676" errors="0" timestamp="2022-06-20T16:06:03 IDT" skipped="0">
  <testcase classname="tests.CreateNewFlexibleTripByFootballCategory" name="createNewFlexibleTripByFootballCategory" time="38.676"/>
  <system-out/>
</testsuite> <!-- tests.CreateNewFlexibleTripByFootballCategory -->
