<?xml version="1.0" encoding="UTF-8"?>
<!-- Generated by org.testng.reporters.JUnitReportReporter -->
<testsuite hostname="Raz_Vardi" failures="0" tests="1" name="tests.CreateNewFlexibleFamilyTrip" time="59.519" errors="0" timestamp="2022-06-20T16:06:03 IDT" skipped="0">
  <testcase classname="tests.CreateNewFlexibleFamilyTrip" name="createNewFlexibleFamilyTrip" time="59.519"/>
  <system-out/>
</testsuite> <!-- tests.CreateNewFlexibleFamilyTrip -->
