<?xml version="1.0" encoding="UTF-8"?>
<!-- Generated by org.testng.reporters.JUnitReportReporter -->
<testsuite hostname="Raz_Vardi" failures="0" tests="1" name="tests.CreateTripByDestinationOnlyTest" time="39.574" errors="0" timestamp="2022-06-20T16:06:03 IDT" skipped="0">
  <testcase classname="tests.CreateTripByDestinationOnlyTest" name="createTripByDestinationOnly" time="39.574"/>
  <system-out/>
</testsuite> <!-- tests.CreateTripByDestinationOnlyTest -->
