<?xml version="1.0" encoding="UTF-8"?>
<!-- Generated by org.testng.reporters.JUnitReportReporter -->
<testsuite hostname="Raz_Vardi" failures="0" tests="1" name="tests.CreateNewFlexibleTripByLeisureCategory" time="38.690" errors="0" timestamp="2022-06-20T16:06:03 IDT" skipped="0">
  <testcase classname="tests.CreateNewFlexibleTripByLeisureCategory" name="createNewFlexibleTripByLeisureCategory" time="38.690"/>
  <system-out/>
</testsuite> <!-- tests.CreateNewFlexibleTripByLeisureCategory -->
