<?xml version="1.0" encoding="UTF-8"?>
<!-- Generated by org.testng.reporters.JUnitReportReporter -->
<testsuite hostname="Raz_Vardi" failures="0" tests="1" name="tests.CreateNewFlexibleRomanticTrip" time="54.879" errors="0" timestamp="2022-06-13T16:45:00 IDT" skipped="0">
  <testcase classname="tests.CreateNewFlexibleRomanticTrip" name="createNewFlexibleRomanticTrip" time="54.879"/>
  <system-out/>
</testsuite> <!-- tests.CreateNewFlexibleRomanticTrip -->
