<?xml version="1.0" encoding="UTF-8"?>
<!-- Generated by org.testng.reporters.JUnitReportReporter -->
<testsuite hostname="Raz_Vardi" failures="0" tests="2" name="tests.LoginTest" time="23.370" errors="0" timestamp="2022-06-13T16:45:00 IDT" skipped="0">
  <testcase classname="tests.LoginTest" name="loginSucceedTest" time="12.631"/>
  <system-out/>
  <testcase classname="tests.LoginTest" name="loginFailedTest" time="10.739"/>
  <system-out/>
</testsuite> <!-- tests.LoginTest -->
