<?xml version="1.0" encoding="UTF-8"?>
<!-- Generated by org.testng.reporters.JUnitReportReporter -->
<testsuite hostname="Raz_Vardi" failures="0" tests="8" name="tests.OpenLinksTest" time="31.128" errors="0" timestamp="2022-06-13T16:45:00 IDT" skipped="0">
  <testcase classname="tests.OpenLinksTest" name="tc5_openServiceFlightsTest" time="4.193"/>
  <system-out/>
  <testcase classname="tests.OpenLinksTest" name="tc1_openDestinationsTest" time="3.166"/>
  <system-out/>
  <testcase classname="tests.OpenLinksTest" name="tc6_openServiceExperiencesTest" time="5.651"/>
  <system-out/>
  <testcase classname="tests.OpenLinksTest" name="tc7_openServiceInsuranceTest" time="2.015"/>
  <system-out/>
  <testcase classname="tests.OpenLinksTest" name="tc2_openmMyTripsTest" time="6.158"/>
  <system-out/>
  <testcase classname="tests.OpenLinksTest" name="tc8_openServiceCarRentalTest" time="3.073"/>
  <system-out/>
  <testcase classname="tests.OpenLinksTest" name="tc3_openCovidAssistTest" time="3.170"/>
  <system-out/>
  <testcase classname="tests.OpenLinksTest" name="tc4_openServiceHotelTest" time="3.702"/>
  <system-out/>
</testsuite> <!-- tests.OpenLinksTest -->
