<?xml version="1.0" encoding="UTF-8"?>
<!-- Generated by org.testng.reporters.JUnitReportReporter -->
<testsuite hostname="Raz_Vardi" failures="0" tests="1" name="tests.CreateNewFlexibleTripByBarMitzvahCategory" time="30.272" errors="0" timestamp="2022-06-20T16:06:03 IDT" skipped="0">
  <testcase classname="tests.CreateNewFlexibleTripByBarMitzvahCategory" name="createNewFlexibleTripByBarMitzvahCategory" time="30.272"/>
  <system-out/>
</testsuite> <!-- tests.CreateNewFlexibleTripByBarMitzvahCategory -->
