<?xml version="1.0" encoding="UTF-8"?>
<!-- Generated by org.testng.reporters.JUnitReportReporter -->
<testsuite hostname="Raz_Vardi" failures="0" tests="1" name="tests.CreateNewFlexibleTripByVacationCategory" time="68.844" errors="0" timestamp="2022-06-20T16:06:03 IDT" skipped="0">
  <testcase classname="tests.CreateNewFlexibleTripByVacationCategory" name="createNewFlexibleTripByVacationCategory" time="68.844"/>
  <system-out/>
</testsuite> <!-- tests.CreateNewFlexibleTripByVacationCategory -->
