<?xml version="1.0" encoding="UTF-8"?>
<!-- Generated by org.testng.reporters.JUnitReportReporter -->
<testsuite hostname="Raz_Vardi" failures="0" tests="1" name="tests.CreateNewFlexibleTripByWineAndGastronomyCategory" time="49.984" errors="0" timestamp="2022-06-13T16:45:00 IDT" skipped="0">
  <testcase classname="tests.CreateNewFlexibleTripByWineAndGastronomyCategory" name="createNewFlexibleTripByWineAndGastronomyCategory" time="49.984"/>
  <system-out/>
</testsuite> <!-- tests.CreateNewFlexibleTripByWineAndGastronomyCategory -->
