<?xml version="1.0" encoding="UTF-8"?>
<!-- Generated by org.testng.reporters.JUnitReportReporter -->
<testsuite hostname="Raz_Vardi" failures="0" tests="2" name="tests.LoginTest" time="23.559" errors="0" timestamp="2022-06-20T16:06:03 IDT" skipped="0">
  <testcase classname="tests.LoginTest" name="loginFailedTest" time="10.793"/>
  <system-out/>
  <testcase classname="tests.LoginTest" name="loginSucceedTest" time="12.766"/>
  <system-out/>
</testsuite> <!-- tests.LoginTest -->
