<?xml version="1.0" encoding="UTF-8"?>
<!-- Generated by org.testng.reporters.JUnitReportReporter -->
<testsuite hostname="Raz_Vardi" failures="0" tests="8" name="tests.OpenLinksTest" time="54.981" errors="0" timestamp="2022-06-20T16:06:03 IDT" skipped="0">
  <testcase classname="tests.OpenLinksTest" name="tc5_openServiceFlightsTest" time="7.597"/>
  <system-out/>
  <testcase classname="tests.OpenLinksTest" name="tc8_openServiceCarRentalTest" time="8.593"/>
  <system-out/>
  <testcase classname="tests.OpenLinksTest" name="tc2_openmMyTripsTest" time="7.155"/>
  <system-out/>
  <testcase classname="tests.OpenLinksTest" name="tc6_openServiceExperiencesTest" time="7.800"/>
  <system-out/>
  <testcase classname="tests.OpenLinksTest" name="tc3_openCovidAssistTest" time="6.329"/>
  <system-out/>
  <testcase classname="tests.OpenLinksTest" name="tc4_openServiceHotelTest" time="7.599"/>
  <system-out/>
  <testcase classname="tests.OpenLinksTest" name="tc7_openServiceInsuranceTest" time="8.641"/>
  <system-out/>
  <testcase classname="tests.OpenLinksTest" name="tc1_openDestinationsTest" time="1.267"/>
  <system-out/>
</testsuite> <!-- tests.OpenLinksTest -->
