<?xml version="1.0" encoding="UTF-8"?>
<!-- Generated by org.testng.reporters.JUnitReportReporter -->
<testsuite hostname="Raz_Vardi" failures="0" tests="1" name="tests.CreateNewFlexibleTripByIslandsAndBeachesCategory" time="35.957" errors="0" timestamp="2022-06-20T16:06:03 IDT" skipped="0">
  <testcase classname="tests.CreateNewFlexibleTripByIslandsAndBeachesCategory" name="createNewFlexibleTripByIslandsAndBeachesCategory" time="35.957"/>
  <system-out/>
</testsuite> <!-- tests.CreateNewFlexibleTripByIslandsAndBeachesCategory -->
